    13>D:\projects\misis2023f-23-check\misis2024s-23-09-Brychev-A-P\prj.check\prj.check\doctest_dynarr\doctest_dynarr_moveable.cpp(3,10): error C1083: Cannot open include file: 'dynarr/dynarr.hpp': No such file or directory [D:\projects\misis2023f-23-check\misis2024s-23-09-Brychev-A-P\build.check\prj.check\prj.check\doctest_dynarr\doctest_dynarr_m.vcxproj]
     6>D:\projects\misis2023f-23-check\misis2024s-23-09-Brychev-A-P\prj.check\prj.check\doctest_bitset\doctest_bitset.cpp(3,10): error C1083: Cannot open include file: 'bitset/bitset.hpp': No such file or directory [D:\projects\misis2023f-23-check\misis2024s-23-09-Brychev-A-P\build.check\prj.check\prj.check\doctest_bitset\doctest_bitset.vcxproj]
     9>D:\projects\misis2023f-23-check\misis2024s-23-09-Brychev-A-P\prj.check\prj.check\doctest_dynarr\doctest_dynarr.cpp(3,10): error C1083: Cannot open include file: 'dynarr/dynarr.hpp': No such file or directory [D:\projects\misis2023f-23-check\misis2024s-23-09-Brychev-A-P\build.check\prj.check\prj.check\doctest_dynarr\doctest_dynarr.vcxproj]
     5>D:\projects\misis2023f-23-check\misis2024s-23-09-Brychev-A-P\prj.check\prj.check\doctest_bitset\doctest_bitset_moveable.cpp(3,10): error C1083: Cannot open include file: 'bitset/bitset.hpp': No such file or directory [D:\projects\misis2023f-23-check\misis2024s-23-09-Brychev-A-P\build.check\prj.check\prj.check\doctest_bitset\doctest_bitset_m.vcxproj]
    18>D:\projects\misis2023f-23-check\misis2024s-23-09-Brychev-A-P\prj.check\prj.check\doctest_queuearr\doctest_queuearr.cpp(3,10): error C1083: Cannot open include file: 'queuearr/queuearr.hpp': No such file or directory [D:\projects\misis2023f-23-check\misis2024s-23-09-Brychev-A-P\build.check\prj.check\prj.check\doctest_queuearr\doctest_queuearr.vcxproj]
    19>D:\projects\misis2023f-23-check\misis2024s-23-09-Brychev-A-P\prj.check\prj.check\doctest_queuearr\doctest_queuearr_moveable.cpp(3,10): error C1083: Cannot open include file: 'queuearr/queuearr.hpp': No such file or directory [D:\projects\misis2023f-23-check\misis2024s-23-09-Brychev-A-P\build.check\prj.check\prj.check\doctest_queuearr\doctest_queuearr_m.vcxproj]
    21>D:\projects\misis2023f-23-check\misis2024s-23-09-Brychev-A-P\prj.check\prj.check\doctest_queuelst\doctest_queuelst.cpp(3,10): error C1083: Cannot open include file: 'queuelst/queuelst.hpp': No such file or directory [D:\projects\misis2023f-23-check\misis2024s-23-09-Brychev-A-P\build.check\prj.check\prj.check\doctest_queuelst\doctest_queuelst.vcxproj]
    20>D:\projects\misis2023f-23-check\misis2024s-23-09-Brychev-A-P\prj.check\prj.check\doctest_queuelst\doctest_queuelst_moveable.cpp(3,10): error C1083: Cannot open include file: 'queuelst/queuelst.hpp': No such file or directory [D:\projects\misis2023f-23-check\misis2024s-23-09-Brychev-A-P\build.check\prj.check\prj.check\doctest_queuelst\doctest_queuelst_m.vcxproj]
    22>D:\projects\misis2023f-23-check\misis2024s-23-09-Brychev-A-P\prj.check\prj.check\doctest_queuelstpr\doctest_queuelstpr.cpp(3,10): error C1083: Cannot open include file: 'queuelstpr/queuelstpr.hpp': No such file or directory [D:\projects\misis2023f-23-check\misis2024s-23-09-Brychev-A-P\build.check\prj.check\prj.check\doctest_queuelstpr\doctest_queuelstpr.vcxproj]
    26>D:\projects\misis2023f-23-check\misis2024s-23-09-Brychev-A-P\prj.check\prj.check\doctest_stackarr\doctest_stackarr.cpp(3,10): error C1083: Cannot open include file: 'stackarr/stackarr.hpp': No such file or directory [D:\projects\misis2023f-23-check\misis2024s-23-09-Brychev-A-P\build.check\prj.check\prj.check\doctest_stackarr\doctest_stackarr.vcxproj]
    23>D:\projects\misis2023f-23-check\misis2024s-23-09-Brychev-A-P\prj.check\prj.check\doctest_queuelstpr\doctest_queuelstpr_moveable.cpp(3,10): error C1083: Cannot open include file: 'queuelstpr/queuelstpr.hpp': No such file or directory [D:\projects\misis2023f-23-check\misis2024s-23-09-Brychev-A-P\build.check\prj.check\prj.check\doctest_queuelstpr\doctest_queuelstpr_m.vcxproj]
    29>D:\projects\misis2023f-23-check\misis2024s-23-09-Brychev-A-P\prj.check\prj.check\doctest_stackarr\doctest_stackarr_moveable.cpp(3,10): error C1083: Cannot open include file: 'stackarr/stackarr.hpp': No such file or directory [D:\projects\misis2023f-23-check\misis2024s-23-09-Brychev-A-P\build.check\prj.check\prj.check\doctest_stackarr\doctest_stackarr_m.vcxproj]
    30>D:\projects\misis2023f-23-check\misis2024s-23-09-Brychev-A-P\prj.check\prj.check\doctest_stacklst\doctest_stacklst.cpp(3,10): error C1083: Cannot open include file: 'stacklst/stacklst.hpp': No such file or directory [D:\projects\misis2023f-23-check\misis2024s-23-09-Brychev-A-P\build.check\prj.check\prj.check\doctest_stacklst\doctest_stacklst.vcxproj]
    31>D:\projects\misis2023f-23-check\misis2024s-23-09-Brychev-A-P\prj.check\prj.check\doctest_stacklst\doctest_stacklst_moveable.cpp(3,10): error C1083: Cannot open include file: 'stacklst/stacklst.hpp': No such file or directory [D:\projects\misis2023f-23-check\misis2024s-23-09-Brychev-A-P\build.check\prj.check\prj.check\doctest_stacklst\doctest_stacklst_m.vcxproj]
    10>D:\projects\misis2023f-23-check\misis2024s-23-09-Brychev-A-P\prj.check\prj.check\doctest_complex\doctest_complex.cpp(35,10): error C2280: 'Complex &Complex::operator =(const Complex &)': attempting to reference a deleted function [D:\projects\misis2023f-23-check\misis2024s-23-09-Brychev-A-P\build.check\prj.check\prj.check\doctest_complex\doctest_complex.vcxproj]
    10>D:\projects\misis2023f-23-check\misis2024s-23-09-Brychev-A-P\prj.check\prj.check\doctest_complex\doctest_complex.cpp(37,10): error C2280: 'Complex &Complex::operator =(const Complex &)': attempting to reference a deleted function [D:\projects\misis2023f-23-check\misis2024s-23-09-Brychev-A-P\build.check\prj.check\prj.check\doctest_complex\doctest_complex.vcxproj]
